/*
 *  CMSIS Pack Debug Access Sequence Log
 *  File        : E:\projects\led\MDK-ARM\led_Sequences_0008.log
 *  Created     : 11:21:13 (15/03/2023)
 *  Device      : STM32F407VGTx
 *  PDSC File   : C:\Users\priyushakr\AppData\Local\Arm\Packs\Keil\STM32F4xx_DFP\2.16.0\Keil.STM32F4xx_DFP.pdsc
 *  Config File : E:\projects\led\MDK-ARM\DebugConfig\led_STM32F407VGTx.dbgconf
 *
 */

[11:21:13.386]  **********  Sequence "DebugDeviceUnlock"  (Context="Connect", Pname="", info="")
[11:21:13.386]  
[11:21:13.403]  <debugvars>
[11:21:13.420]    // Pre-defined
[11:21:13.436]    __protocol=0x00010002      (Protocol="SWD", SWJ-DP="True")
[11:21:13.453]    __connection=0x00010202    (Connection Type="Flash", Reset Type="System Reset", Connection Under HW Reset)
[11:21:13.455]    __dp=0x00000000
[11:21:13.456]    __ap=0x00000000
[11:21:13.457]    __traceout=0x00000000      (Trace Disabled)
[11:21:13.458]    __errorcontrol=0x00000000  (Skip Errors="False")
[11:21:13.459]    __FlashAddr=0x00000000
[11:21:13.459]    __FlashLen=0x00000000
[11:21:13.460]    __FlashArg=0x00000000
[11:21:13.461]    __FlashOp=0x00000000
[11:21:13.462]    __Result=0x00000000
[11:21:13.462]    
[11:21:13.462]    // User-defined
[11:21:13.462]    DbgMCU_CR=0x00000007
[11:21:13.464]    DbgMCU_APB1_Fz=0x00000000
[11:21:13.464]    DbgMCU_APB2_Fz=0x00000000
[11:21:13.465]    TraceClk_Pin=0x00040002
[11:21:13.465]    TraceD0_Pin=0x00040003
[11:21:13.465]    TraceD1_Pin=0x00040004
[11:21:13.467]    TraceD2_Pin=0x00040005
[11:21:13.468]    TraceD3_Pin=0x00040006
[11:21:13.468]  </debugvars>
[11:21:13.469]  
[11:21:13.469]  <sequence name="DebugDeviceUnlock" Pname="" disable="false" info="">
[11:21:13.469]    <block atomic="false" info="">
[11:21:13.470]      Sequence("CheckID");
[11:21:13.470]        <sequence name="CheckID" Pname="" disable="false" info="">
[11:21:13.470]          <block atomic="false" info="">
[11:21:13.470]            __var pidr1 = 0;
[11:21:13.470]              // -> [pidr1 <= 0x00000000]
[11:21:13.471]            __var pidr2 = 0;
[11:21:13.471]              // -> [pidr2 <= 0x00000000]
[11:21:13.471]            __var jep106id = 0;
[11:21:13.471]              // -> [jep106id <= 0x00000000]
[11:21:13.471]            __var ROMTableBase = 0;
[11:21:13.472]              // -> [ROMTableBase <= 0x00000000]
[11:21:13.472]            __ap = 0;      // AHB-AP
[11:21:13.472]              // -> [__ap <= 0x00000000]
[11:21:13.472]            ROMTableBase = ReadAP(0xF8) & ~0x3;
[11:21:13.473]              // -> [ReadAP(0x000000F8) => 0xE00FF003]   (__dp=0x00000000, __ap=0x00000000)
[11:21:13.473]              // -> [ROMTableBase <= 0xE00FF000]
[11:21:13.473]            pidr1 = Read32(ROMTableBase + 0x0FE4);
[11:21:13.474]              // -> [Read32(0xE00FFFE4) => 0x00000004]   (__dp=0x00000000, __ap=0x00000000)
[11:21:13.474]              // -> [pidr1 <= 0x00000004]
[11:21:13.474]            pidr2 = Read32(ROMTableBase + 0x0FE8);
[11:21:13.474]              // -> [Read32(0xE00FFFE8) => 0x0000000A]   (__dp=0x00000000, __ap=0x00000000)
[11:21:13.475]              // -> [pidr2 <= 0x0000000A]
[11:21:13.475]            jep106id = ((pidr2 & 0x7) << 4 ) | ((pidr1 >> 4) & 0xF);
[11:21:13.475]              // -> [jep106id <= 0x00000020]
[11:21:13.475]          </block>
[11:21:13.476]          <control if="jep106id != 0x20" while="" timeout="0" info="">
[11:21:13.476]            // if-block "jep106id != 0x20"
[11:21:13.476]              // =>  FALSE
[11:21:13.476]            // skip if-block "jep106id != 0x20"
[11:21:13.476]          </control>
[11:21:13.477]        </sequence>
[11:21:13.477]    </block>
[11:21:13.477]  </sequence>
[11:21:13.477]  
[11:21:13.477]  **********  Sequence "DebugCoreStart"  (Context="Connect", Pname="", info="")
[11:21:13.477]  
[11:21:13.478]  <debugvars>
[11:21:13.478]    // Pre-defined
[11:21:13.478]    __protocol=0x00010002      (Protocol="SWD", SWJ-DP="True")
[11:21:13.478]    __connection=0x00010202    (Connection Type="Flash", Reset Type="System Reset", Connection Under HW Reset)
[11:21:13.478]    __dp=0x00000000
[11:21:13.478]    __ap=0x00000000
[11:21:13.479]    __traceout=0x00000000      (Trace Disabled)
[11:21:13.479]    __errorcontrol=0x00000000  (Skip Errors="False")
[11:21:13.479]    __FlashAddr=0x00000000
[11:21:13.480]    __FlashLen=0x00000000
[11:21:13.480]    __FlashArg=0x00000000
[11:21:13.480]    __FlashOp=0x00000000
[11:21:13.480]    __Result=0x00000000
[11:21:13.480]    
[11:21:13.480]    // User-defined
[11:21:13.481]    DbgMCU_CR=0x00000007
[11:21:13.481]    DbgMCU_APB1_Fz=0x00000000
[11:21:13.481]    DbgMCU_APB2_Fz=0x00000000
[11:21:13.481]    TraceClk_Pin=0x00040002
[11:21:13.481]    TraceD0_Pin=0x00040003
[11:21:13.482]    TraceD1_Pin=0x00040004
[11:21:13.482]    TraceD2_Pin=0x00040005
[11:21:13.482]    TraceD3_Pin=0x00040006
[11:21:13.482]  </debugvars>
[11:21:13.482]  
[11:21:13.482]  <sequence name="DebugCoreStart" Pname="" disable="false" info="">
[11:21:13.483]    <block atomic="false" info="">
[11:21:13.483]      Write32(0xE000EDF0, 0xA05F0001);                                        // Enable Core Debug via DHCSR
[11:21:13.483]        // -> [Write32(0xE000EDF0, 0xA05F0001)]   (__dp=0x00000000, __ap=0x00000000)
[11:21:13.484]      Write32(0xE0042004, DbgMCU_CR);                                         // DBGMCU_CR: Configure MCU Debug
[11:21:13.484]        // -> [Write32(0xE0042004, 0x00000007)]   (__dp=0x00000000, __ap=0x00000000)
[11:21:13.484]      Write32(0xE0042008, DbgMCU_APB1_Fz);                                    // DBGMCU_APB1_FZ: Configure APB1 Peripheral Freeze Behavior
[11:21:13.485]        // -> [Write32(0xE0042008, 0x00000000)]   (__dp=0x00000000, __ap=0x00000000)
[11:21:13.485]      Write32(0xE004200C, DbgMCU_APB2_Fz);                                    // DBGMCU_APB1_FZ: Configure APB2 Peripheral Freeze Behavior
[11:21:13.486]        // -> [Write32(0xE004200C, 0x00000000)]   (__dp=0x00000000, __ap=0x00000000)
[11:21:13.486]    </block>
[11:21:13.486]  </sequence>
[11:21:13.486]  
[11:23:38.729]  **********  Sequence "DebugDeviceUnlock"  (Context="Connect", Pname="", info="")
[11:23:38.729]  
[11:23:38.729]  <debugvars>
[11:23:38.729]    // Pre-defined
[11:23:38.730]    __protocol=0x00010002      (Protocol="SWD", SWJ-DP="True")
[11:23:38.730]    __connection=0x00010202    (Connection Type="Flash", Reset Type="System Reset", Connection Under HW Reset)
[11:23:38.730]    __dp=0x00000000
[11:23:38.731]    __ap=0x00000000
[11:23:38.731]    __traceout=0x00000000      (Trace Disabled)
[11:23:38.731]    __errorcontrol=0x00000000  (Skip Errors="False")
[11:23:38.731]    __FlashAddr=0x00000000
[11:23:38.731]    __FlashLen=0x00000000
[11:23:38.732]    __FlashArg=0x00000000
[11:23:38.732]    __FlashOp=0x00000000
[11:23:38.732]    __Result=0x00000000
[11:23:38.732]    
[11:23:38.732]    // User-defined
[11:23:38.732]    DbgMCU_CR=0x00000007
[11:23:38.733]    DbgMCU_APB1_Fz=0x00000000
[11:23:38.733]    DbgMCU_APB2_Fz=0x00000000
[11:23:38.733]    TraceClk_Pin=0x00040002
[11:23:38.733]    TraceD0_Pin=0x00040003
[11:23:38.733]    TraceD1_Pin=0x00040004
[11:23:38.734]    TraceD2_Pin=0x00040005
[11:23:38.734]    TraceD3_Pin=0x00040006
[11:23:38.734]  </debugvars>
[11:23:38.734]  
[11:23:38.734]  <sequence name="DebugDeviceUnlock" Pname="" disable="false" info="">
[11:23:38.734]    <block atomic="false" info="">
[11:23:38.735]      Sequence("CheckID");
[11:23:38.735]        <sequence name="CheckID" Pname="" disable="false" info="">
[11:23:38.735]          <block atomic="false" info="">
[11:23:38.735]            __var pidr1 = 0;
[11:23:38.735]              // -> [pidr1 <= 0x00000000]
[11:23:38.736]            __var pidr2 = 0;
[11:23:38.736]              // -> [pidr2 <= 0x00000000]
[11:23:38.736]            __var jep106id = 0;
[11:23:38.736]              // -> [jep106id <= 0x00000000]
[11:23:38.736]            __var ROMTableBase = 0;
[11:23:38.737]              // -> [ROMTableBase <= 0x00000000]
[11:23:38.737]            __ap = 0;      // AHB-AP
[11:23:38.737]              // -> [__ap <= 0x00000000]
[11:23:38.737]            ROMTableBase = ReadAP(0xF8) & ~0x3;
[11:23:38.737]              // -> [ReadAP(0x000000F8) => 0xE00FF003]   (__dp=0x00000000, __ap=0x00000000)
[11:23:38.737]              // -> [ROMTableBase <= 0xE00FF000]
[11:23:38.738]            pidr1 = Read32(ROMTableBase + 0x0FE4);
[11:23:38.738]              // -> [Read32(0xE00FFFE4) => 0x00000004]   (__dp=0x00000000, __ap=0x00000000)
[11:23:38.738]              // -> [pidr1 <= 0x00000004]
[11:23:38.739]            pidr2 = Read32(ROMTableBase + 0x0FE8);
[11:23:38.740]              // -> [Read32(0xE00FFFE8) => 0x0000000A]   (__dp=0x00000000, __ap=0x00000000)
[11:23:38.740]              // -> [pidr2 <= 0x0000000A]
[11:23:38.740]            jep106id = ((pidr2 & 0x7) << 4 ) | ((pidr1 >> 4) & 0xF);
[11:23:38.740]              // -> [jep106id <= 0x00000020]
[11:23:38.741]          </block>
[11:23:38.741]          <control if="jep106id != 0x20" while="" timeout="0" info="">
[11:23:38.741]            // if-block "jep106id != 0x20"
[11:23:38.741]              // =>  FALSE
[11:23:38.741]            // skip if-block "jep106id != 0x20"
[11:23:38.742]          </control>
[11:23:38.742]        </sequence>
[11:23:38.742]    </block>
[11:23:38.742]  </sequence>
[11:23:38.742]  
[11:23:38.743]  **********  Sequence "DebugCoreStart"  (Context="Connect", Pname="", info="")
[11:23:38.743]  
[11:23:38.743]  <debugvars>
[11:23:38.743]    // Pre-defined
[11:23:38.743]    __protocol=0x00010002      (Protocol="SWD", SWJ-DP="True")
[11:23:38.743]    __connection=0x00010202    (Connection Type="Flash", Reset Type="System Reset", Connection Under HW Reset)
[11:23:38.744]    __dp=0x00000000
[11:23:38.744]    __ap=0x00000000
[11:23:38.744]    __traceout=0x00000000      (Trace Disabled)
[11:23:38.744]    __errorcontrol=0x00000000  (Skip Errors="False")
[11:23:38.744]    __FlashAddr=0x00000000
[11:23:38.744]    __FlashLen=0x00000000
[11:23:38.745]    __FlashArg=0x00000000
[11:23:38.745]    __FlashOp=0x00000000
[11:23:38.745]    __Result=0x00000000
[11:23:38.745]    
[11:23:38.745]    // User-defined
[11:23:38.745]    DbgMCU_CR=0x00000007
[11:23:38.746]    DbgMCU_APB1_Fz=0x00000000
[11:23:38.746]    DbgMCU_APB2_Fz=0x00000000
[11:23:38.746]    TraceClk_Pin=0x00040002
[11:23:38.746]    TraceD0_Pin=0x00040003
[11:23:38.746]    TraceD1_Pin=0x00040004
[11:23:38.747]    TraceD2_Pin=0x00040005
[11:23:38.747]    TraceD3_Pin=0x00040006
[11:23:38.747]  </debugvars>
[11:23:38.747]  
[11:23:38.747]  <sequence name="DebugCoreStart" Pname="" disable="false" info="">
[11:23:38.747]    <block atomic="false" info="">
[11:23:38.747]      Write32(0xE000EDF0, 0xA05F0001);                                        // Enable Core Debug via DHCSR
[11:23:38.748]        // -> [Write32(0xE000EDF0, 0xA05F0001)]   (__dp=0x00000000, __ap=0x00000000)
[11:23:38.748]      Write32(0xE0042004, DbgMCU_CR);                                         // DBGMCU_CR: Configure MCU Debug
[11:23:38.749]        // -> [Write32(0xE0042004, 0x00000007)]   (__dp=0x00000000, __ap=0x00000000)
[11:23:38.749]      Write32(0xE0042008, DbgMCU_APB1_Fz);                                    // DBGMCU_APB1_FZ: Configure APB1 Peripheral Freeze Behavior
[11:23:38.750]        // -> [Write32(0xE0042008, 0x00000000)]   (__dp=0x00000000, __ap=0x00000000)
[11:23:38.750]      Write32(0xE004200C, DbgMCU_APB2_Fz);                                    // DBGMCU_APB1_FZ: Configure APB2 Peripheral Freeze Behavior
[11:23:38.751]        // -> [Write32(0xE004200C, 0x00000000)]   (__dp=0x00000000, __ap=0x00000000)
[11:23:38.751]    </block>
[11:23:38.751]  </sequence>
[11:23:38.751]  
[11:24:19.889]  **********  Sequence "DebugDeviceUnlock"  (Context="Connect", Pname="", info="")
[11:24:19.889]  
[11:24:19.890]  <debugvars>
[11:24:19.890]    // Pre-defined
[11:24:19.890]    __protocol=0x00010002      (Protocol="SWD", SWJ-DP="True")
[11:24:19.891]    __connection=0x00010202    (Connection Type="Flash", Reset Type="System Reset", Connection Under HW Reset)
[11:24:19.891]    __dp=0x00000000
[11:24:19.891]    __ap=0x00000000
[11:24:19.891]    __traceout=0x00000000      (Trace Disabled)
[11:24:19.891]    __errorcontrol=0x00000000  (Skip Errors="False")
[11:24:19.891]    __FlashAddr=0x00000000
[11:24:19.891]    __FlashLen=0x00000000
[11:24:19.892]    __FlashArg=0x00000000
[11:24:19.892]    __FlashOp=0x00000000
[11:24:19.893]    __Result=0x00000000
[11:24:19.893]    
[11:24:19.893]    // User-defined
[11:24:19.893]    DbgMCU_CR=0x00000007
[11:24:19.893]    DbgMCU_APB1_Fz=0x00000000
[11:24:19.894]    DbgMCU_APB2_Fz=0x00000000
[11:24:19.894]    TraceClk_Pin=0x00040002
[11:24:19.894]    TraceD0_Pin=0x00040003
[11:24:19.894]    TraceD1_Pin=0x00040004
[11:24:19.894]    TraceD2_Pin=0x00040005
[11:24:19.895]    TraceD3_Pin=0x00040006
[11:24:19.895]  </debugvars>
[11:24:19.895]  
[11:24:19.895]  <sequence name="DebugDeviceUnlock" Pname="" disable="false" info="">
[11:24:19.895]    <block atomic="false" info="">
[11:24:19.896]      Sequence("CheckID");
[11:24:19.896]        <sequence name="CheckID" Pname="" disable="false" info="">
[11:24:19.896]          <block atomic="false" info="">
[11:24:19.896]            __var pidr1 = 0;
[11:24:19.896]              // -> [pidr1 <= 0x00000000]
[11:24:19.897]            __var pidr2 = 0;
[11:24:19.897]              // -> [pidr2 <= 0x00000000]
[11:24:19.897]            __var jep106id = 0;
[11:24:19.897]              // -> [jep106id <= 0x00000000]
[11:24:19.897]            __var ROMTableBase = 0;
[11:24:19.898]              // -> [ROMTableBase <= 0x00000000]
[11:24:19.898]            __ap = 0;      // AHB-AP
[11:24:19.898]              // -> [__ap <= 0x00000000]
[11:24:19.898]            ROMTableBase = ReadAP(0xF8) & ~0x3;
[11:24:19.899]              // -> [ReadAP(0x000000F8) => 0xE00FF003]   (__dp=0x00000000, __ap=0x00000000)
[11:24:19.899]              // -> [ROMTableBase <= 0xE00FF000]
[11:24:19.899]            pidr1 = Read32(ROMTableBase + 0x0FE4);
[11:24:19.900]              // -> [Read32(0xE00FFFE4) => 0x00000004]   (__dp=0x00000000, __ap=0x00000000)
[11:24:19.900]              // -> [pidr1 <= 0x00000004]
[11:24:19.900]            pidr2 = Read32(ROMTableBase + 0x0FE8);
[11:24:19.901]              // -> [Read32(0xE00FFFE8) => 0x0000000A]   (__dp=0x00000000, __ap=0x00000000)
[11:24:19.901]              // -> [pidr2 <= 0x0000000A]
[11:24:19.901]            jep106id = ((pidr2 & 0x7) << 4 ) | ((pidr1 >> 4) & 0xF);
[11:24:19.901]              // -> [jep106id <= 0x00000020]
[11:24:19.901]          </block>
[11:24:19.901]          <control if="jep106id != 0x20" while="" timeout="0" info="">
[11:24:19.902]            // if-block "jep106id != 0x20"
[11:24:19.902]              // =>  FALSE
[11:24:19.902]            // skip if-block "jep106id != 0x20"
[11:24:19.902]          </control>
[11:24:19.902]        </sequence>
[11:24:19.903]    </block>
[11:24:19.903]  </sequence>
[11:24:19.903]  
[11:24:19.903]  **********  Sequence "DebugCoreStart"  (Context="Connect", Pname="", info="")
[11:24:19.903]  
[11:24:19.903]  <debugvars>
[11:24:19.904]    // Pre-defined
[11:24:19.904]    __protocol=0x00010002      (Protocol="SWD", SWJ-DP="True")
[11:24:19.904]    __connection=0x00010202    (Connection Type="Flash", Reset Type="System Reset", Connection Under HW Reset)
[11:24:19.904]    __dp=0x00000000
[11:24:19.904]    __ap=0x00000000
[11:24:19.904]    __traceout=0x00000000      (Trace Disabled)
[11:24:19.904]    __errorcontrol=0x00000000  (Skip Errors="False")
[11:24:19.905]    __FlashAddr=0x00000000
[11:24:19.905]    __FlashLen=0x00000000
[11:24:19.905]    __FlashArg=0x00000000
[11:24:19.906]    __FlashOp=0x00000000
[11:24:19.906]    __Result=0x00000000
[11:24:19.906]    
[11:24:19.906]    // User-defined
[11:24:19.906]    DbgMCU_CR=0x00000007
[11:24:19.906]    DbgMCU_APB1_Fz=0x00000000
[11:24:19.907]    DbgMCU_APB2_Fz=0x00000000
[11:24:19.908]    TraceClk_Pin=0x00040002
[11:24:19.908]    TraceD0_Pin=0x00040003
[11:24:19.908]    TraceD1_Pin=0x00040004
[11:24:19.908]    TraceD2_Pin=0x00040005
[11:24:19.908]    TraceD3_Pin=0x00040006
[11:24:19.909]  </debugvars>
[11:24:19.909]  
[11:24:19.909]  <sequence name="DebugCoreStart" Pname="" disable="false" info="">
[11:24:19.909]    <block atomic="false" info="">
[11:24:19.909]      Write32(0xE000EDF0, 0xA05F0001);                                        // Enable Core Debug via DHCSR
[11:24:19.910]        // -> [Write32(0xE000EDF0, 0xA05F0001)]   (__dp=0x00000000, __ap=0x00000000)
[11:24:19.910]      Write32(0xE0042004, DbgMCU_CR);                                         // DBGMCU_CR: Configure MCU Debug
[11:24:19.911]        // -> [Write32(0xE0042004, 0x00000007)]   (__dp=0x00000000, __ap=0x00000000)
[11:24:19.911]      Write32(0xE0042008, DbgMCU_APB1_Fz);                                    // DBGMCU_APB1_FZ: Configure APB1 Peripheral Freeze Behavior
[11:24:19.912]        // -> [Write32(0xE0042008, 0x00000000)]   (__dp=0x00000000, __ap=0x00000000)
[11:24:19.912]      Write32(0xE004200C, DbgMCU_APB2_Fz);                                    // DBGMCU_APB1_FZ: Configure APB2 Peripheral Freeze Behavior
[11:24:19.912]        // -> [Write32(0xE004200C, 0x00000000)]   (__dp=0x00000000, __ap=0x00000000)
[11:24:19.912]    </block>
[11:24:19.913]  </sequence>
[11:24:19.913]  
[11:24:31.045]  **********  Sequence "DebugDeviceUnlock"  (Context="Connect", Pname="", info="")
[11:24:31.045]  
[11:24:31.045]  <debugvars>
[11:24:31.046]    // Pre-defined
[11:24:31.046]    __protocol=0x00010002      (Protocol="SWD", SWJ-DP="True")
[11:24:31.046]    __connection=0x00010202    (Connection Type="Flash", Reset Type="System Reset", Connection Under HW Reset)
[11:24:31.046]    __dp=0x00000000
[11:24:31.046]    __ap=0x00000000
[11:24:31.047]    __traceout=0x00000000      (Trace Disabled)
[11:24:31.047]    __errorcontrol=0x00000000  (Skip Errors="False")
[11:24:31.047]    __FlashAddr=0x00000000
[11:24:31.047]    __FlashLen=0x00000000
[11:24:31.047]    __FlashArg=0x00000000
[11:24:31.048]    __FlashOp=0x00000000
[11:24:31.048]    __Result=0x00000000
[11:24:31.048]    
[11:24:31.048]    // User-defined
[11:24:31.048]    DbgMCU_CR=0x00000007
[11:24:31.048]    DbgMCU_APB1_Fz=0x00000000
[11:24:31.049]    DbgMCU_APB2_Fz=0x00000000
[11:24:31.049]    TraceClk_Pin=0x00040002
[11:24:31.049]    TraceD0_Pin=0x00040003
[11:24:31.049]    TraceD1_Pin=0x00040004
[11:24:31.049]    TraceD2_Pin=0x00040005
[11:24:31.050]    TraceD3_Pin=0x00040006
[11:24:31.050]  </debugvars>
[11:24:31.050]  
[11:24:31.050]  <sequence name="DebugDeviceUnlock" Pname="" disable="false" info="">
[11:24:31.050]    <block atomic="false" info="">
[11:24:31.051]      Sequence("CheckID");
[11:24:31.051]        <sequence name="CheckID" Pname="" disable="false" info="">
[11:24:31.051]          <block atomic="false" info="">
[11:24:31.051]            __var pidr1 = 0;
[11:24:31.051]              // -> [pidr1 <= 0x00000000]
[11:24:31.051]            __var pidr2 = 0;
[11:24:31.051]              // -> [pidr2 <= 0x00000000]
[11:24:31.051]            __var jep106id = 0;
[11:24:31.051]              // -> [jep106id <= 0x00000000]
[11:24:31.052]            __var ROMTableBase = 0;
[11:24:31.053]              // -> [ROMTableBase <= 0x00000000]
[11:24:31.053]            __ap = 0;      // AHB-AP
[11:24:31.053]              // -> [__ap <= 0x00000000]
[11:24:31.053]            ROMTableBase = ReadAP(0xF8) & ~0x3;
[11:24:31.054]              // -> [ReadAP(0x000000F8) => 0xE00FF003]   (__dp=0x00000000, __ap=0x00000000)
[11:24:31.054]              // -> [ROMTableBase <= 0xE00FF000]
[11:24:31.054]            pidr1 = Read32(ROMTableBase + 0x0FE4);
[11:24:31.055]              // -> [Read32(0xE00FFFE4) => 0x00000004]   (__dp=0x00000000, __ap=0x00000000)
[11:24:31.055]              // -> [pidr1 <= 0x00000004]
[11:24:31.055]            pidr2 = Read32(ROMTableBase + 0x0FE8);
[11:24:31.056]              // -> [Read32(0xE00FFFE8) => 0x0000000A]   (__dp=0x00000000, __ap=0x00000000)
[11:24:31.056]              // -> [pidr2 <= 0x0000000A]
[11:24:31.056]            jep106id = ((pidr2 & 0x7) << 4 ) | ((pidr1 >> 4) & 0xF);
[11:24:31.057]              // -> [jep106id <= 0x00000020]
[11:24:31.057]          </block>
[11:24:31.057]          <control if="jep106id != 0x20" while="" timeout="0" info="">
[11:24:31.057]            // if-block "jep106id != 0x20"
[11:24:31.057]              // =>  FALSE
[11:24:31.058]            // skip if-block "jep106id != 0x20"
[11:24:31.058]          </control>
[11:24:31.058]        </sequence>
[11:24:31.058]    </block>
[11:24:31.058]  </sequence>
[11:24:31.058]  
[11:24:31.059]  **********  Sequence "DebugCoreStart"  (Context="Connect", Pname="", info="")
[11:24:31.059]  
[11:24:31.059]  <debugvars>
[11:24:31.059]    // Pre-defined
[11:24:31.060]    __protocol=0x00010002      (Protocol="SWD", SWJ-DP="True")
[11:24:31.060]    __connection=0x00010202    (Connection Type="Flash", Reset Type="System Reset", Connection Under HW Reset)
[11:24:31.060]    __dp=0x00000000
[11:24:31.060]    __ap=0x00000000
[11:24:31.060]    __traceout=0x00000000      (Trace Disabled)
[11:24:31.060]    __errorcontrol=0x00000000  (Skip Errors="False")
[11:24:31.061]    __FlashAddr=0x00000000
[11:24:31.061]    __FlashLen=0x00000000
[11:24:31.061]    __FlashArg=0x00000000
[11:24:31.061]    __FlashOp=0x00000000
[11:24:31.061]    __Result=0x00000000
[11:24:31.062]    
[11:24:31.062]    // User-defined
[11:24:31.062]    DbgMCU_CR=0x00000007
[11:24:31.062]    DbgMCU_APB1_Fz=0x00000000
[11:24:31.063]    DbgMCU_APB2_Fz=0x00000000
[11:24:31.063]    TraceClk_Pin=0x00040002
[11:24:31.063]    TraceD0_Pin=0x00040003
[11:24:31.063]    TraceD1_Pin=0x00040004
[11:24:31.063]    TraceD2_Pin=0x00040005
[11:24:31.064]    TraceD3_Pin=0x00040006
[11:24:31.064]  </debugvars>
[11:24:31.064]  
[11:24:31.064]  <sequence name="DebugCoreStart" Pname="" disable="false" info="">
[11:24:31.065]    <block atomic="false" info="">
[11:24:31.065]      Write32(0xE000EDF0, 0xA05F0001);                                        // Enable Core Debug via DHCSR
[11:24:31.065]        // -> [Write32(0xE000EDF0, 0xA05F0001)]   (__dp=0x00000000, __ap=0x00000000)
[11:24:31.066]      Write32(0xE0042004, DbgMCU_CR);                                         // DBGMCU_CR: Configure MCU Debug
[11:24:31.066]        // -> [Write32(0xE0042004, 0x00000007)]   (__dp=0x00000000, __ap=0x00000000)
[11:24:31.066]      Write32(0xE0042008, DbgMCU_APB1_Fz);                                    // DBGMCU_APB1_FZ: Configure APB1 Peripheral Freeze Behavior
[11:24:31.066]        // -> [Write32(0xE0042008, 0x00000000)]   (__dp=0x00000000, __ap=0x00000000)
[11:24:31.066]      Write32(0xE004200C, DbgMCU_APB2_Fz);                                    // DBGMCU_APB1_FZ: Configure APB2 Peripheral Freeze Behavior
[11:24:31.067]        // -> [Write32(0xE004200C, 0x00000000)]   (__dp=0x00000000, __ap=0x00000000)
[11:24:31.067]    </block>
[11:24:31.067]  </sequence>
[11:24:31.067]  
[11:24:38.089]  **********  Sequence "DebugDeviceUnlock"  (Context="Connect", Pname="", info="")
[11:24:38.089]  
[11:24:38.090]  <debugvars>
[11:24:38.090]    // Pre-defined
[11:24:38.090]    __protocol=0x00010002      (Protocol="SWD", SWJ-DP="True")
[11:24:38.090]    __connection=0x00010202    (Connection Type="Flash", Reset Type="System Reset", Connection Under HW Reset)
[11:24:38.090]    __dp=0x00000000
[11:24:38.090]    __ap=0x00000000
[11:24:38.090]    __traceout=0x00000000      (Trace Disabled)
[11:24:38.090]    __errorcontrol=0x00000000  (Skip Errors="False")
[11:24:38.091]    __FlashAddr=0x00000000
[11:24:38.091]    __FlashLen=0x00000000
[11:24:38.091]    __FlashArg=0x00000000
[11:24:38.091]    __FlashOp=0x00000000
[11:24:38.092]    __Result=0x00000000
[11:24:38.093]    
[11:24:38.093]    // User-defined
[11:24:38.093]    DbgMCU_CR=0x00000007
[11:24:38.093]    DbgMCU_APB1_Fz=0x00000000
[11:24:38.094]    DbgMCU_APB2_Fz=0x00000000
[11:24:38.094]    TraceClk_Pin=0x00040002
[11:24:38.094]    TraceD0_Pin=0x00040003
[11:24:38.094]    TraceD1_Pin=0x00040004
[11:24:38.094]    TraceD2_Pin=0x00040005
[11:24:38.094]    TraceD3_Pin=0x00040006
[11:24:38.095]  </debugvars>
[11:24:38.095]  
[11:24:38.095]  <sequence name="DebugDeviceUnlock" Pname="" disable="false" info="">
[11:24:38.095]    <block atomic="false" info="">
[11:24:38.095]      Sequence("CheckID");
[11:24:38.096]        <sequence name="CheckID" Pname="" disable="false" info="">
[11:24:38.096]          <block atomic="false" info="">
[11:24:38.096]            __var pidr1 = 0;
[11:24:38.096]              // -> [pidr1 <= 0x00000000]
[11:24:38.096]            __var pidr2 = 0;
[11:24:38.097]              // -> [pidr2 <= 0x00000000]
[11:24:38.097]            __var jep106id = 0;
[11:24:38.097]              // -> [jep106id <= 0x00000000]
[11:24:38.097]            __var ROMTableBase = 0;
[11:24:38.097]              // -> [ROMTableBase <= 0x00000000]
[11:24:38.098]            __ap = 0;      // AHB-AP
[11:24:38.098]              // -> [__ap <= 0x00000000]
[11:24:38.098]            ROMTableBase = ReadAP(0xF8) & ~0x3;
[11:24:38.098]              // -> [ReadAP(0x000000F8) => 0xE00FF003]   (__dp=0x00000000, __ap=0x00000000)
[11:24:38.099]              // -> [ROMTableBase <= 0xE00FF000]
[11:24:38.099]            pidr1 = Read32(ROMTableBase + 0x0FE4);
[11:24:38.099]              // -> [Read32(0xE00FFFE4) => 0x00000004]   (__dp=0x00000000, __ap=0x00000000)
[11:24:38.100]              // -> [pidr1 <= 0x00000004]
[11:24:38.100]            pidr2 = Read32(ROMTableBase + 0x0FE8);
[11:24:38.100]              // -> [Read32(0xE00FFFE8) => 0x0000000A]   (__dp=0x00000000, __ap=0x00000000)
[11:24:38.101]              // -> [pidr2 <= 0x0000000A]
[11:24:38.101]            jep106id = ((pidr2 & 0x7) << 4 ) | ((pidr1 >> 4) & 0xF);
[11:24:38.101]              // -> [jep106id <= 0x00000020]
[11:24:38.101]          </block>
[11:24:38.101]          <control if="jep106id != 0x20" while="" timeout="0" info="">
[11:24:38.102]            // if-block "jep106id != 0x20"
[11:24:38.102]              // =>  FALSE
[11:24:38.102]            // skip if-block "jep106id != 0x20"
[11:24:38.102]          </control>
[11:24:38.102]        </sequence>
[11:24:38.103]    </block>
[11:24:38.103]  </sequence>
[11:24:38.103]  
[11:24:38.103]  **********  Sequence "DebugCoreStart"  (Context="Connect", Pname="", info="")
[11:24:38.103]  
[11:24:38.103]  <debugvars>
[11:24:38.104]    // Pre-defined
[11:24:38.104]    __protocol=0x00010002      (Protocol="SWD", SWJ-DP="True")
[11:24:38.104]    __connection=0x00010202    (Connection Type="Flash", Reset Type="System Reset", Connection Under HW Reset)
[11:24:38.104]    __dp=0x00000000
[11:24:38.104]    __ap=0x00000000
[11:24:38.104]    __traceout=0x00000000      (Trace Disabled)
[11:24:38.105]    __errorcontrol=0x00000000  (Skip Errors="False")
[11:24:38.105]    __FlashAddr=0x00000000
[11:24:38.105]    __FlashLen=0x00000000
[11:24:38.105]    __FlashArg=0x00000000
[11:24:38.105]    __FlashOp=0x00000000
[11:24:38.106]    __Result=0x00000000
[11:24:38.106]    
[11:24:38.106]    // User-defined
[11:24:38.106]    DbgMCU_CR=0x00000007
[11:24:38.106]    DbgMCU_APB1_Fz=0x00000000
[11:24:38.106]    DbgMCU_APB2_Fz=0x00000000
[11:24:38.107]    TraceClk_Pin=0x00040002
[11:24:38.107]    TraceD0_Pin=0x00040003
[11:24:38.107]    TraceD1_Pin=0x00040004
[11:24:38.107]    TraceD2_Pin=0x00040005
[11:24:38.107]    TraceD3_Pin=0x00040006
[11:24:38.108]  </debugvars>
[11:24:38.108]  
[11:24:38.108]  <sequence name="DebugCoreStart" Pname="" disable="false" info="">
[11:24:38.108]    <block atomic="false" info="">
[11:24:38.109]      Write32(0xE000EDF0, 0xA05F0001);                                        // Enable Core Debug via DHCSR
[11:24:38.109]        // -> [Write32(0xE000EDF0, 0xA05F0001)]   (__dp=0x00000000, __ap=0x00000000)
[11:24:38.109]      Write32(0xE0042004, DbgMCU_CR);                                         // DBGMCU_CR: Configure MCU Debug
[11:24:38.110]        // -> [Write32(0xE0042004, 0x00000007)]   (__dp=0x00000000, __ap=0x00000000)
[11:24:38.110]      Write32(0xE0042008, DbgMCU_APB1_Fz);                                    // DBGMCU_APB1_FZ: Configure APB1 Peripheral Freeze Behavior
[11:24:38.111]        // -> [Write32(0xE0042008, 0x00000000)]   (__dp=0x00000000, __ap=0x00000000)
[11:24:38.111]      Write32(0xE004200C, DbgMCU_APB2_Fz);                                    // DBGMCU_APB1_FZ: Configure APB2 Peripheral Freeze Behavior
[11:24:38.112]        // -> [Write32(0xE004200C, 0x00000000)]   (__dp=0x00000000, __ap=0x00000000)
[11:24:38.112]    </block>
[11:24:38.112]  </sequence>
[11:24:38.112]  
