/*
 *  CMSIS Pack Debug Access Sequence Log
 *  File        : E:\projects\led\MDK-ARM\led_Sequences_0007.log
 *  Created     : 12:23:01 (20/02/2023)
 *  Device      : STM32F407VGTx
 *  PDSC File   : C:\Users\priyushakr\AppData\Local\Arm\Packs\Keil\STM32F4xx_DFP\2.16.0\Keil.STM32F4xx_DFP.pdsc
 *  Config File : E:\projects\led\MDK-ARM\DebugConfig\led_STM32F407VGTx.dbgconf
 *
 */

[12:23:01.773]  **********  Sequence "DebugDeviceUnlock"  (Context="Connect", Pname="", info="")
[12:23:01.773]  
[12:23:01.791]  <debugvars>
[12:23:01.823]    // Pre-defined
[12:23:01.837]    __protocol=0x00010002      (Protocol="SWD", SWJ-DP="True")
[12:23:01.855]    __connection=0x00010202    (Connection Type="Flash", Reset Type="System Reset", Connection Under HW Reset)
[12:23:01.855]    __dp=0x00000000
[12:23:01.855]    __ap=0x00000000
[12:23:01.855]    __traceout=0x00000000      (Trace Disabled)
[12:23:01.869]    __errorcontrol=0x00000000  (Skip Errors="False")
[12:23:01.869]    __FlashAddr=0x00000000
[12:23:01.869]    __FlashLen=0x00000000
[12:23:01.869]    __FlashArg=0x00000000
[12:23:01.869]    __FlashOp=0x00000000
[12:23:01.869]    __Result=0x00000000
[12:23:01.869]    
[12:23:01.869]    // User-defined
[12:23:01.869]    DbgMCU_CR=0x00000007
[12:23:01.869]    DbgMCU_APB1_Fz=0x00000000
[12:23:01.869]    DbgMCU_APB2_Fz=0x00000000
[12:23:01.869]    TraceClk_Pin=0x00040002
[12:23:01.869]    TraceD0_Pin=0x00040003
[12:23:01.869]    TraceD1_Pin=0x00040004
[12:23:01.869]    TraceD2_Pin=0x00040005
[12:23:01.869]    TraceD3_Pin=0x00040006
[12:23:01.869]  </debugvars>
[12:23:01.869]  
[12:23:01.869]  <sequence name="DebugDeviceUnlock" Pname="" disable="false" info="">
[12:23:01.869]    <block atomic="false" info="">
[12:23:01.869]      Sequence("CheckID");
[12:23:01.869]        <sequence name="CheckID" Pname="" disable="false" info="">
[12:23:01.869]          <block atomic="false" info="">
[12:23:01.869]            __var pidr1 = 0;
[12:23:01.869]              // -> [pidr1 <= 0x00000000]
[12:23:01.869]            __var pidr2 = 0;
[12:23:01.884]              // -> [pidr2 <= 0x00000000]
[12:23:01.884]            __var jep106id = 0;
[12:23:01.884]              // -> [jep106id <= 0x00000000]
[12:23:01.884]            __var ROMTableBase = 0;
[12:23:01.884]              // -> [ROMTableBase <= 0x00000000]
[12:23:01.884]            __ap = 0;      // AHB-AP
[12:23:01.884]              // -> [__ap <= 0x00000000]
[12:23:01.884]            ROMTableBase = ReadAP(0xF8) & ~0x3;
[12:23:01.884]              // -> [ReadAP(0x000000F8) => 0xE00FF003]   (__dp=0x00000000, __ap=0x00000000)
[12:23:01.884]              // -> [ROMTableBase <= 0xE00FF000]
[12:23:01.884]            pidr1 = Read32(ROMTableBase + 0x0FE4);
[12:23:01.884]              // -> [Read32(0xE00FFFE4) => 0x00000004]   (__dp=0x00000000, __ap=0x00000000)
[12:23:01.884]              // -> [pidr1 <= 0x00000004]
[12:23:01.884]            pidr2 = Read32(ROMTableBase + 0x0FE8);
[12:23:01.884]              // -> [Read32(0xE00FFFE8) => 0x0000000A]   (__dp=0x00000000, __ap=0x00000000)
[12:23:01.884]              // -> [pidr2 <= 0x0000000A]
[12:23:01.884]            jep106id = ((pidr2 & 0x7) << 4 ) | ((pidr1 >> 4) & 0xF);
[12:23:01.884]              // -> [jep106id <= 0x00000020]
[12:23:01.884]          </block>
[12:23:01.884]          <control if="jep106id != 0x20" while="" timeout="0" info="">
[12:23:01.884]            // if-block "jep106id != 0x20"
[12:23:01.884]              // =>  FALSE
[12:23:01.884]            // skip if-block "jep106id != 0x20"
[12:23:01.884]          </control>
[12:23:01.884]        </sequence>
[12:23:01.884]    </block>
[12:23:01.884]  </sequence>
[12:23:01.884]  
[12:23:01.884]  **********  Sequence "DebugCoreStart"  (Context="Connect", Pname="", info="")
[12:23:01.884]  
[12:23:01.884]  <debugvars>
[12:23:01.884]    // Pre-defined
[12:23:01.884]    __protocol=0x00010002      (Protocol="SWD", SWJ-DP="True")
[12:23:01.884]    __connection=0x00010202    (Connection Type="Flash", Reset Type="System Reset", Connection Under HW Reset)
[12:23:01.884]    __dp=0x00000000
[12:23:01.884]    __ap=0x00000000
[12:23:01.884]    __traceout=0x00000000      (Trace Disabled)
[12:23:01.884]    __errorcontrol=0x00000000  (Skip Errors="False")
[12:23:01.884]    __FlashAddr=0x00000000
[12:23:01.884]    __FlashLen=0x00000000
[12:23:01.884]    __FlashArg=0x00000000
[12:23:01.884]    __FlashOp=0x00000000
[12:23:01.884]    __Result=0x00000000
[12:23:01.884]    
[12:23:01.884]    // User-defined
[12:23:01.884]    DbgMCU_CR=0x00000007
[12:23:01.884]    DbgMCU_APB1_Fz=0x00000000
[12:23:01.884]    DbgMCU_APB2_Fz=0x00000000
[12:23:01.884]    TraceClk_Pin=0x00040002
[12:23:01.884]    TraceD0_Pin=0x00040003
[12:23:01.884]    TraceD1_Pin=0x00040004
[12:23:01.884]    TraceD2_Pin=0x00040005
[12:23:01.884]    TraceD3_Pin=0x00040006
[12:23:01.884]  </debugvars>
[12:23:01.884]  
[12:23:01.884]  <sequence name="DebugCoreStart" Pname="" disable="false" info="">
[12:23:01.884]    <block atomic="false" info="">
[12:23:01.884]      Write32(0xE000EDF0, 0xA05F0001);                                        // Enable Core Debug via DHCSR
[12:23:01.884]        // -> [Write32(0xE000EDF0, 0xA05F0001)]   (__dp=0x00000000, __ap=0x00000000)
[12:23:01.884]      Write32(0xE0042004, DbgMCU_CR);                                         // DBGMCU_CR: Configure MCU Debug
[12:23:01.884]        // -> [Write32(0xE0042004, 0x00000007)]   (__dp=0x00000000, __ap=0x00000000)
[12:23:01.884]      Write32(0xE0042008, DbgMCU_APB1_Fz);                                    // DBGMCU_APB1_FZ: Configure APB1 Peripheral Freeze Behavior
[12:23:01.884]        // -> [Write32(0xE0042008, 0x00000000)]   (__dp=0x00000000, __ap=0x00000000)
[12:23:01.900]      Write32(0xE004200C, DbgMCU_APB2_Fz);                                    // DBGMCU_APB1_FZ: Configure APB2 Peripheral Freeze Behavior
[12:23:01.900]        // -> [Write32(0xE004200C, 0x00000000)]   (__dp=0x00000000, __ap=0x00000000)
[12:23:01.900]    </block>
[12:23:01.901]  </sequence>
[12:23:01.901]  
