/*
 *  CMSIS Pack Debug Access Sequence Log
 *  File        : E:\projects\led\MDK-ARM\led_Sequences_0010.log
 *  Created     : 17:45:51 (27/03/2023)
 *  Device      : STM32F407VGTx
 *  PDSC File   : C:\Users\priyushakr\AppData\Local\Arm\Packs\Keil\STM32F4xx_DFP\2.16.0\Keil.STM32F4xx_DFP.pdsc
 *  Config File : E:\projects\led\MDK-ARM\DebugConfig\led_STM32F407VGTx.dbgconf
 *
 */

[17:45:51.683]  **********  Sequence "DebugDeviceUnlock"  (Context="Connect", Pname="", info="")
[17:45:51.683]  
[17:45:51.716]  <debugvars>
[17:45:51.731]    // Pre-defined
[17:45:51.747]    __protocol=0x00010002      (Protocol="SWD", SWJ-DP="True")
[17:45:51.779]    __connection=0x00010202    (Connection Type="Flash", Reset Type="System Reset", Connection Under HW Reset)
[17:45:51.780]    __dp=0x00000000
[17:45:51.780]    __ap=0x00000000
[17:45:51.780]    __traceout=0x00000000      (Trace Disabled)
[17:45:51.780]    __errorcontrol=0x00000000  (Skip Errors="False")
[17:45:51.780]    __FlashAddr=0x00000000
[17:45:51.780]    __FlashLen=0x00000000
[17:45:51.780]    __FlashArg=0x00000000
[17:45:51.780]    __FlashOp=0x00000000
[17:45:51.780]    __Result=0x00000000
[17:45:51.780]    
[17:45:51.780]    // User-defined
[17:45:51.780]    DbgMCU_CR=0x00000007
[17:45:51.780]    DbgMCU_APB1_Fz=0x00000000
[17:45:51.780]    DbgMCU_APB2_Fz=0x00000000
[17:45:51.780]    TraceClk_Pin=0x00040002
[17:45:51.780]    TraceD0_Pin=0x00040003
[17:45:51.780]    TraceD1_Pin=0x00040004
[17:45:51.780]    TraceD2_Pin=0x00040005
[17:45:51.780]    TraceD3_Pin=0x00040006
[17:45:51.780]  </debugvars>
[17:45:51.780]  
[17:45:51.780]  <sequence name="DebugDeviceUnlock" Pname="" disable="false" info="">
[17:45:51.794]    <block atomic="false" info="">
[17:45:51.794]      Sequence("CheckID");
[17:45:51.794]        <sequence name="CheckID" Pname="" disable="false" info="">
[17:45:51.794]          <block atomic="false" info="">
[17:45:51.794]            __var pidr1 = 0;
[17:45:51.794]              // -> [pidr1 <= 0x00000000]
[17:45:51.794]            __var pidr2 = 0;
[17:45:51.794]              // -> [pidr2 <= 0x00000000]
[17:45:51.794]            __var jep106id = 0;
[17:45:51.794]              // -> [jep106id <= 0x00000000]
[17:45:51.794]            __var ROMTableBase = 0;
[17:45:51.794]              // -> [ROMTableBase <= 0x00000000]
[17:45:51.794]            __ap = 0;      // AHB-AP
[17:45:51.794]              // -> [__ap <= 0x00000000]
[17:45:51.794]            ROMTableBase = ReadAP(0xF8) & ~0x3;
[17:45:51.794]              // -> [ReadAP(0x000000F8) => 0xE00FF003]   (__dp=0x00000000, __ap=0x00000000)
[17:45:51.794]              // -> [ROMTableBase <= 0xE00FF000]
[17:45:51.794]            pidr1 = Read32(ROMTableBase + 0x0FE4);
[17:45:51.794]              // -> [Read32(0xE00FFFE4) => 0x00000004]   (__dp=0x00000000, __ap=0x00000000)
[17:45:51.794]              // -> [pidr1 <= 0x00000004]
[17:45:51.794]            pidr2 = Read32(ROMTableBase + 0x0FE8);
[17:45:51.794]              // -> [Read32(0xE00FFFE8) => 0x0000000A]   (__dp=0x00000000, __ap=0x00000000)
[17:45:51.794]              // -> [pidr2 <= 0x0000000A]
[17:45:51.794]            jep106id = ((pidr2 & 0x7) << 4 ) | ((pidr1 >> 4) & 0xF);
[17:45:51.794]              // -> [jep106id <= 0x00000020]
[17:45:51.794]          </block>
[17:45:51.794]          <control if="jep106id != 0x20" while="" timeout="0" info="">
[17:45:51.794]            // if-block "jep106id != 0x20"
[17:45:51.794]              // =>  FALSE
[17:45:51.794]            // skip if-block "jep106id != 0x20"
[17:45:51.794]          </control>
[17:45:51.794]        </sequence>
[17:45:51.794]    </block>
[17:45:51.794]  </sequence>
[17:45:51.794]  
[17:45:51.794]  **********  Sequence "DebugCoreStart"  (Context="Connect", Pname="", info="")
[17:45:51.794]  
[17:45:51.794]  <debugvars>
[17:45:51.794]    // Pre-defined
[17:45:51.794]    __protocol=0x00010002      (Protocol="SWD", SWJ-DP="True")
[17:45:51.804]    __connection=0x00010202    (Connection Type="Flash", Reset Type="System Reset", Connection Under HW Reset)
[17:45:51.804]    __dp=0x00000000
[17:45:51.804]    __ap=0x00000000
[17:45:51.804]    __traceout=0x00000000      (Trace Disabled)
[17:45:51.804]    __errorcontrol=0x00000000  (Skip Errors="False")
[17:45:51.804]    __FlashAddr=0x00000000
[17:45:51.804]    __FlashLen=0x00000000
[17:45:51.804]    __FlashArg=0x00000000
[17:45:51.804]    __FlashOp=0x00000000
[17:45:51.804]    __Result=0x00000000
[17:45:51.804]    
[17:45:51.804]    // User-defined
[17:45:51.804]    DbgMCU_CR=0x00000007
[17:45:51.804]    DbgMCU_APB1_Fz=0x00000000
[17:45:51.804]    DbgMCU_APB2_Fz=0x00000000
[17:45:51.804]    TraceClk_Pin=0x00040002
[17:45:51.804]    TraceD0_Pin=0x00040003
[17:45:51.804]    TraceD1_Pin=0x00040004
[17:45:51.804]    TraceD2_Pin=0x00040005
[17:45:51.804]    TraceD3_Pin=0x00040006
[17:45:51.804]  </debugvars>
[17:45:51.804]  
[17:45:51.804]  <sequence name="DebugCoreStart" Pname="" disable="false" info="">
[17:45:51.804]    <block atomic="false" info="">
[17:45:51.804]      Write32(0xE000EDF0, 0xA05F0001);                                        // Enable Core Debug via DHCSR
[17:45:51.804]        // -> [Write32(0xE000EDF0, 0xA05F0001)]   (__dp=0x00000000, __ap=0x00000000)
[17:45:51.804]      Write32(0xE0042004, DbgMCU_CR);                                         // DBGMCU_CR: Configure MCU Debug
[17:45:51.810]        // -> [Write32(0xE0042004, 0x00000007)]   (__dp=0x00000000, __ap=0x00000000)
[17:45:51.810]      Write32(0xE0042008, DbgMCU_APB1_Fz);                                    // DBGMCU_APB1_FZ: Configure APB1 Peripheral Freeze Behavior
[17:45:51.810]        // -> [Write32(0xE0042008, 0x00000000)]   (__dp=0x00000000, __ap=0x00000000)
[17:45:51.810]      Write32(0xE004200C, DbgMCU_APB2_Fz);                                    // DBGMCU_APB1_FZ: Configure APB2 Peripheral Freeze Behavior
[17:45:51.810]        // -> [Write32(0xE004200C, 0x00000000)]   (__dp=0x00000000, __ap=0x00000000)
[17:45:51.810]    </block>
[17:45:51.810]  </sequence>
[17:45:51.810]  
[17:46:34.542]  **********  Sequence "DebugDeviceUnlock"  (Context="Connect", Pname="", info="")
[17:46:34.542]  
[17:46:34.542]  <debugvars>
[17:46:34.542]    // Pre-defined
[17:46:34.545]    __protocol=0x00010002      (Protocol="SWD", SWJ-DP="True")
[17:46:34.545]    __connection=0x00010202    (Connection Type="Flash", Reset Type="System Reset", Connection Under HW Reset)
[17:46:34.545]    __dp=0x00000000
[17:46:34.545]    __ap=0x00000000
[17:46:34.545]    __traceout=0x00000000      (Trace Disabled)
[17:46:34.545]    __errorcontrol=0x00000000  (Skip Errors="False")
[17:46:34.545]    __FlashAddr=0x00000000
[17:46:34.545]    __FlashLen=0x00000000
[17:46:34.545]    __FlashArg=0x00000000
[17:46:34.545]    __FlashOp=0x00000000
[17:46:34.545]    __Result=0x00000000
[17:46:34.545]    
[17:46:34.545]    // User-defined
[17:46:34.545]    DbgMCU_CR=0x00000007
[17:46:34.545]    DbgMCU_APB1_Fz=0x00000000
[17:46:34.545]    DbgMCU_APB2_Fz=0x00000000
[17:46:34.545]    TraceClk_Pin=0x00040002
[17:46:34.545]    TraceD0_Pin=0x00040003
[17:46:34.545]    TraceD1_Pin=0x00040004
[17:46:34.545]    TraceD2_Pin=0x00040005
[17:46:34.545]    TraceD3_Pin=0x00040006
[17:46:34.545]  </debugvars>
[17:46:34.545]  
[17:46:34.545]  <sequence name="DebugDeviceUnlock" Pname="" disable="false" info="">
[17:46:34.545]    <block atomic="false" info="">
[17:46:34.545]      Sequence("CheckID");
[17:46:34.545]        <sequence name="CheckID" Pname="" disable="false" info="">
[17:46:34.550]          <block atomic="false" info="">
[17:46:34.550]            __var pidr1 = 0;
[17:46:34.550]              // -> [pidr1 <= 0x00000000]
[17:46:34.550]            __var pidr2 = 0;
[17:46:34.550]              // -> [pidr2 <= 0x00000000]
[17:46:34.550]            __var jep106id = 0;
[17:46:34.550]              // -> [jep106id <= 0x00000000]
[17:46:34.550]            __var ROMTableBase = 0;
[17:46:34.552]              // -> [ROMTableBase <= 0x00000000]
[17:46:34.552]            __ap = 0;      // AHB-AP
[17:46:34.552]              // -> [__ap <= 0x00000000]
[17:46:34.552]            ROMTableBase = ReadAP(0xF8) & ~0x3;
[17:46:34.552]              // -> [ReadAP(0x000000F8) => 0xE00FF003]   (__dp=0x00000000, __ap=0x00000000)
[17:46:34.552]              // -> [ROMTableBase <= 0xE00FF000]
[17:46:34.552]            pidr1 = Read32(ROMTableBase + 0x0FE4);
[17:46:34.552]              // -> [Read32(0xE00FFFE4) => 0x00000004]   (__dp=0x00000000, __ap=0x00000000)
[17:46:34.552]              // -> [pidr1 <= 0x00000004]
[17:46:34.552]            pidr2 = Read32(ROMTableBase + 0x0FE8);
[17:46:34.552]              // -> [Read32(0xE00FFFE8) => 0x0000000A]   (__dp=0x00000000, __ap=0x00000000)
[17:46:34.552]              // -> [pidr2 <= 0x0000000A]
[17:46:34.552]            jep106id = ((pidr2 & 0x7) << 4 ) | ((pidr1 >> 4) & 0xF);
[17:46:34.552]              // -> [jep106id <= 0x00000020]
[17:46:34.552]          </block>
[17:46:34.552]          <control if="jep106id != 0x20" while="" timeout="0" info="">
[17:46:34.552]            // if-block "jep106id != 0x20"
[17:46:34.552]              // =>  FALSE
[17:46:34.552]            // skip if-block "jep106id != 0x20"
[17:46:34.552]          </control>
[17:46:34.552]        </sequence>
[17:46:34.552]    </block>
[17:46:34.552]  </sequence>
[17:46:34.552]  
[17:46:34.552]  **********  Sequence "DebugCoreStart"  (Context="Connect", Pname="", info="")
[17:46:34.552]  
[17:46:34.552]  <debugvars>
[17:46:34.552]    // Pre-defined
[17:46:34.552]    __protocol=0x00010002      (Protocol="SWD", SWJ-DP="True")
[17:46:34.552]    __connection=0x00010202    (Connection Type="Flash", Reset Type="System Reset", Connection Under HW Reset)
[17:46:34.552]    __dp=0x00000000
[17:46:34.552]    __ap=0x00000000
[17:46:34.552]    __traceout=0x00000000      (Trace Disabled)
[17:46:34.552]    __errorcontrol=0x00000000  (Skip Errors="False")
[17:46:34.552]    __FlashAddr=0x00000000
[17:46:34.552]    __FlashLen=0x00000000
[17:46:34.552]    __FlashArg=0x00000000
[17:46:34.552]    __FlashOp=0x00000000
[17:46:34.552]    __Result=0x00000000
[17:46:34.552]    
[17:46:34.552]    // User-defined
[17:46:34.552]    DbgMCU_CR=0x00000007
[17:46:34.552]    DbgMCU_APB1_Fz=0x00000000
[17:46:34.552]    DbgMCU_APB2_Fz=0x00000000
[17:46:34.552]    TraceClk_Pin=0x00040002
[17:46:34.552]    TraceD0_Pin=0x00040003
[17:46:34.552]    TraceD1_Pin=0x00040004
[17:46:34.552]    TraceD2_Pin=0x00040005
[17:46:34.552]    TraceD3_Pin=0x00040006
[17:46:34.562]  </debugvars>
[17:46:34.562]  
[17:46:34.562]  <sequence name="DebugCoreStart" Pname="" disable="false" info="">
[17:46:34.562]    <block atomic="false" info="">
[17:46:34.562]      Write32(0xE000EDF0, 0xA05F0001);                                        // Enable Core Debug via DHCSR
[17:46:34.563]        // -> [Write32(0xE000EDF0, 0xA05F0001)]   (__dp=0x00000000, __ap=0x00000000)
[17:46:34.564]      Write32(0xE0042004, DbgMCU_CR);                                         // DBGMCU_CR: Configure MCU Debug
[17:46:34.565]        // -> [Write32(0xE0042004, 0x00000007)]   (__dp=0x00000000, __ap=0x00000000)
[17:46:34.565]      Write32(0xE0042008, DbgMCU_APB1_Fz);                                    // DBGMCU_APB1_FZ: Configure APB1 Peripheral Freeze Behavior
[17:46:34.566]        // -> [Write32(0xE0042008, 0x00000000)]   (__dp=0x00000000, __ap=0x00000000)
[17:46:34.566]      Write32(0xE004200C, DbgMCU_APB2_Fz);                                    // DBGMCU_APB1_FZ: Configure APB2 Peripheral Freeze Behavior
[17:46:34.566]        // -> [Write32(0xE004200C, 0x00000000)]   (__dp=0x00000000, __ap=0x00000000)
[17:46:34.566]    </block>
[17:46:34.567]  </sequence>
[17:46:34.567]  
