/*
 *  CMSIS Pack Debug Access Sequence Log
 *  File        : E:\projects\led\MDK-ARM\led_Sequences_0000.log
 *  Created     : 14:40:09 (03/10/2022)
 *  Device      : STM32F407VGTx
 *  PDSC File   : C:/Users/Administrator.RD2-32/AppData/Local/Arm/Packs/Keil/STM32F4xx_DFP/2.16.0/Keil.STM32F4xx_DFP.pdsc
 *  Config File : E:\projects\led\MDK-ARM\DebugConfig\led_STM32F407VGTx.dbgconf
 *
 */

[14:40:09.252]  **********  Sequence "DebugDeviceUnlock"  (Context="Connect", Pname="", info="")
[14:40:09.252]  
[14:40:09.273]  <debugvars>
[14:40:09.283]    // Pre-defined
[14:40:09.304]    __protocol=0x00010002      (Protocol="SWD", SWJ-DP="True")
[14:40:09.314]    __connection=0x00010202    (Connection Type="Flash", Reset Type="System Reset", Connection Under HW Reset)
[14:40:09.327]    __dp=0x00000000
[14:40:09.329]    __ap=0x00000000
[14:40:09.329]    __traceout=0x00000000      (Trace Disabled)
[14:40:09.330]    __errorcontrol=0x00000000  (Skip Errors="False")
[14:40:09.330]    __FlashAddr=0x00000000
[14:40:09.331]    __FlashLen=0x00000000
[14:40:09.331]    __FlashArg=0x00000000
[14:40:09.331]    __FlashOp=0x00000000
[14:40:09.333]    __Result=0x00000000
[14:40:09.333]    
[14:40:09.333]    // User-defined
[14:40:09.334]    DbgMCU_CR=0x00000007
[14:40:09.334]    DbgMCU_APB1_Fz=0x00000000
[14:40:09.334]    DbgMCU_APB2_Fz=0x00000000
[14:40:09.335]    TraceClk_Pin=0x00040002
[14:40:09.336]    TraceD0_Pin=0x00040003
[14:40:09.337]    TraceD1_Pin=0x00040004
[14:40:09.337]    TraceD2_Pin=0x00040005
[14:40:09.338]    TraceD3_Pin=0x00040006
[14:40:09.338]  </debugvars>
[14:40:09.338]  
[14:40:09.339]  <sequence name="DebugDeviceUnlock" Pname="" disable="false" info="">
[14:40:09.339]    <block atomic="false" info="">
[14:40:09.340]      Sequence("CheckID");
[14:40:09.341]        <sequence name="CheckID" Pname="" disable="false" info="">
[14:40:09.341]          <block atomic="false" info="">
[14:40:09.342]            __var pidr1 = 0;
[14:40:09.342]              // -> [pidr1 <= 0x00000000]
[14:40:09.342]            __var pidr2 = 0;
[14:40:09.343]              // -> [pidr2 <= 0x00000000]
[14:40:09.343]            __var jep106id = 0;
[14:40:09.345]              // -> [jep106id <= 0x00000000]
[14:40:09.345]            __var ROMTableBase = 0;
[14:40:09.346]              // -> [ROMTableBase <= 0x00000000]
[14:40:09.346]            __ap = 0;      // AHB-AP
[14:40:09.346]              // -> [__ap <= 0x00000000]
[14:40:09.346]            ROMTableBase = ReadAP(0xF8) & ~0x3;
[14:40:09.348]              // -> [ReadAP(0x000000F8) => 0xE00FF003]   (__dp=0x00000000, __ap=0x00000000)
[14:40:09.349]              // -> [ROMTableBase <= 0xE00FF000]
[14:40:09.349]            pidr1 = Read32(ROMTableBase + 0x0FE4);
[14:40:09.350]              // -> [Read32(0xE00FFFE4) => 0x00000004]   (__dp=0x00000000, __ap=0x00000000)
[14:40:09.350]              // -> [pidr1 <= 0x00000004]
[14:40:09.350]            pidr2 = Read32(ROMTableBase + 0x0FE8);
[14:40:09.351]              // -> [Read32(0xE00FFFE8) => 0x0000000A]   (__dp=0x00000000, __ap=0x00000000)
[14:40:09.351]              // -> [pidr2 <= 0x0000000A]
[14:40:09.351]            jep106id = ((pidr2 & 0x7) << 4 ) | ((pidr1 >> 4) & 0xF);
[14:40:09.352]              // -> [jep106id <= 0x00000020]
[14:40:09.352]          </block>
[14:40:09.352]          <control if="jep106id != 0x20" while="" timeout="0" info="">
[14:40:09.352]            // if-block "jep106id != 0x20"
[14:40:09.352]              // =>  FALSE
[14:40:09.352]            // skip if-block "jep106id != 0x20"
[14:40:09.353]          </control>
[14:40:09.353]        </sequence>
[14:40:09.353]    </block>
[14:40:09.353]  </sequence>
[14:40:09.353]  
[14:40:09.353]  **********  Sequence "DebugCoreStart"  (Context="Connect", Pname="", info="")
[14:40:09.353]  
[14:40:09.354]  <debugvars>
[14:40:09.354]    // Pre-defined
[14:40:09.354]    __protocol=0x00010002      (Protocol="SWD", SWJ-DP="True")
[14:40:09.354]    __connection=0x00010202    (Connection Type="Flash", Reset Type="System Reset", Connection Under HW Reset)
[14:40:09.354]    __dp=0x00000000
[14:40:09.354]    __ap=0x00000000
[14:40:09.355]    __traceout=0x00000000      (Trace Disabled)
[14:40:09.355]    __errorcontrol=0x00000000  (Skip Errors="False")
[14:40:09.355]    __FlashAddr=0x00000000
[14:40:09.355]    __FlashLen=0x00000000
[14:40:09.355]    __FlashArg=0x00000000
[14:40:09.355]    __FlashOp=0x00000000
[14:40:09.356]    __Result=0x00000000
[14:40:09.356]    
[14:40:09.356]    // User-defined
[14:40:09.356]    DbgMCU_CR=0x00000007
[14:40:09.356]    DbgMCU_APB1_Fz=0x00000000
[14:40:09.356]    DbgMCU_APB2_Fz=0x00000000
[14:40:09.356]    TraceClk_Pin=0x00040002
[14:40:09.357]    TraceD0_Pin=0x00040003
[14:40:09.357]    TraceD1_Pin=0x00040004
[14:40:09.357]    TraceD2_Pin=0x00040005
[14:40:09.357]    TraceD3_Pin=0x00040006
[14:40:09.357]  </debugvars>
[14:40:09.357]  
[14:40:09.359]  <sequence name="DebugCoreStart" Pname="" disable="false" info="">
[14:40:09.359]    <block atomic="false" info="">
[14:40:09.359]      Write32(0xE000EDF0, 0xA05F0001);                                        // Enable Core Debug via DHCSR
[14:40:09.360]        // -> [Write32(0xE000EDF0, 0xA05F0001)]   (__dp=0x00000000, __ap=0x00000000)
[14:40:09.360]      Write32(0xE0042004, DbgMCU_CR);                                         // DBGMCU_CR: Configure MCU Debug
[14:40:09.360]        // -> [Write32(0xE0042004, 0x00000007)]   (__dp=0x00000000, __ap=0x00000000)
[14:40:09.360]      Write32(0xE0042008, DbgMCU_APB1_Fz);                                    // DBGMCU_APB1_FZ: Configure APB1 Peripheral Freeze Behavior
[14:40:09.361]        // -> [Write32(0xE0042008, 0x00000000)]   (__dp=0x00000000, __ap=0x00000000)
[14:40:09.362]      Write32(0xE004200C, DbgMCU_APB2_Fz);                                    // DBGMCU_APB1_FZ: Configure APB2 Peripheral Freeze Behavior
[14:40:09.362]        // -> [Write32(0xE004200C, 0x00000000)]   (__dp=0x00000000, __ap=0x00000000)
[14:40:09.362]    </block>
[14:40:09.362]  </sequence>
[14:40:09.363]  
