/*
 *  CMSIS Pack Debug Access Sequence Log
 *  File        : E:\projects\led\MDK-ARM\led_Sequences_0011.log
 *  Created     : 11:03:09 (31/03/2023)
 *  Device      : STM32F407VGTx
 *  PDSC File   : C:\Users\priyushakr\AppData\Local\Arm\Packs\Keil\STM32F4xx_DFP\2.16.0\Keil.STM32F4xx_DFP.pdsc
 *  Config File : E:\projects\led\MDK-ARM\DebugConfig\led_STM32F407VGTx.dbgconf
 *
 */

[11:03:09.717]  **********  Sequence "DebugDeviceUnlock"  (Context="Connect", Pname="", info="")
[11:03:09.717]  
[11:03:09.737]  <debugvars>
[11:03:09.761]    // Pre-defined
[11:03:09.779]    __protocol=0x00010002      (Protocol="SWD", SWJ-DP="True")
[11:03:09.797]    __connection=0x00010202    (Connection Type="Flash", Reset Type="System Reset", Connection Under HW Reset)
[11:03:09.797]    __dp=0x00000000
[11:03:09.807]    __ap=0x00000000
[11:03:09.807]    __traceout=0x00000000      (Trace Disabled)
[11:03:09.807]    __errorcontrol=0x00000000  (Skip Errors="False")
[11:03:09.807]    __FlashAddr=0x00000000
[11:03:09.807]    __FlashLen=0x00000000
[11:03:09.807]    __FlashArg=0x00000000
[11:03:09.811]    __FlashOp=0x00000000
[11:03:09.811]    __Result=0x00000000
[11:03:09.811]    
[11:03:09.811]    // User-defined
[11:03:09.811]    DbgMCU_CR=0x00000007
[11:03:09.814]    DbgMCU_APB1_Fz=0x00000000
[11:03:09.814]    DbgMCU_APB2_Fz=0x00000000
[11:03:09.814]    TraceClk_Pin=0x00040002
[11:03:09.817]    TraceD0_Pin=0x00040003
[11:03:09.817]    TraceD1_Pin=0x00040004
[11:03:09.817]    TraceD2_Pin=0x00040005
[11:03:09.817]    TraceD3_Pin=0x00040006
[11:03:09.817]  </debugvars>
[11:03:09.817]  
[11:03:09.817]  <sequence name="DebugDeviceUnlock" Pname="" disable="false" info="">
[11:03:09.817]    <block atomic="false" info="">
[11:03:09.817]      Sequence("CheckID");
[11:03:09.817]        <sequence name="CheckID" Pname="" disable="false" info="">
[11:03:09.817]          <block atomic="false" info="">
[11:03:09.817]            __var pidr1 = 0;
[11:03:09.817]              // -> [pidr1 <= 0x00000000]
[11:03:09.817]            __var pidr2 = 0;
[11:03:09.817]              // -> [pidr2 <= 0x00000000]
[11:03:09.817]            __var jep106id = 0;
[11:03:09.817]              // -> [jep106id <= 0x00000000]
[11:03:09.817]            __var ROMTableBase = 0;
[11:03:09.817]              // -> [ROMTableBase <= 0x00000000]
[11:03:09.817]            __ap = 0;      // AHB-AP
[11:03:09.817]              // -> [__ap <= 0x00000000]
[11:03:09.817]            ROMTableBase = ReadAP(0xF8) & ~0x3;
[11:03:09.817]              // -> [ReadAP(0x000000F8) => 0xE00FF003]   (__dp=0x00000000, __ap=0x00000000)
[11:03:09.817]              // -> [ROMTableBase <= 0xE00FF000]
[11:03:09.817]            pidr1 = Read32(ROMTableBase + 0x0FE4);
[11:03:09.827]              // -> [Read32(0xE00FFFE4) => 0x00000004]   (__dp=0x00000000, __ap=0x00000000)
[11:03:09.827]              // -> [pidr1 <= 0x00000004]
[11:03:09.827]            pidr2 = Read32(ROMTableBase + 0x0FE8);
[11:03:09.827]              // -> [Read32(0xE00FFFE8) => 0x0000000A]   (__dp=0x00000000, __ap=0x00000000)
[11:03:09.827]              // -> [pidr2 <= 0x0000000A]
[11:03:09.827]            jep106id = ((pidr2 & 0x7) << 4 ) | ((pidr1 >> 4) & 0xF);
[11:03:09.827]              // -> [jep106id <= 0x00000020]
[11:03:09.827]          </block>
[11:03:09.827]          <control if="jep106id != 0x20" while="" timeout="0" info="">
[11:03:09.827]            // if-block "jep106id != 0x20"
[11:03:09.827]              // =>  FALSE
[11:03:09.827]            // skip if-block "jep106id != 0x20"
[11:03:09.827]          </control>
[11:03:09.827]        </sequence>
[11:03:09.827]    </block>
[11:03:09.827]  </sequence>
[11:03:09.827]  
[11:03:09.827]  **********  Sequence "DebugCoreStart"  (Context="Connect", Pname="", info="")
[11:03:09.827]  
[11:03:09.827]  <debugvars>
[11:03:09.827]    // Pre-defined
[11:03:09.827]    __protocol=0x00010002      (Protocol="SWD", SWJ-DP="True")
[11:03:09.827]    __connection=0x00010202    (Connection Type="Flash", Reset Type="System Reset", Connection Under HW Reset)
[11:03:09.827]    __dp=0x00000000
[11:03:09.827]    __ap=0x00000000
[11:03:09.827]    __traceout=0x00000000      (Trace Disabled)
[11:03:09.827]    __errorcontrol=0x00000000  (Skip Errors="False")
[11:03:09.827]    __FlashAddr=0x00000000
[11:03:09.827]    __FlashLen=0x00000000
[11:03:09.827]    __FlashArg=0x00000000
[11:03:09.827]    __FlashOp=0x00000000
[11:03:09.827]    __Result=0x00000000
[11:03:09.827]    
[11:03:09.827]    // User-defined
[11:03:09.827]    DbgMCU_CR=0x00000007
[11:03:09.827]    DbgMCU_APB1_Fz=0x00000000
[11:03:09.827]    DbgMCU_APB2_Fz=0x00000000
[11:03:09.827]    TraceClk_Pin=0x00040002
[11:03:09.827]    TraceD0_Pin=0x00040003
[11:03:09.827]    TraceD1_Pin=0x00040004
[11:03:09.827]    TraceD2_Pin=0x00040005
[11:03:09.827]    TraceD3_Pin=0x00040006
[11:03:09.827]  </debugvars>
[11:03:09.827]  
[11:03:09.827]  <sequence name="DebugCoreStart" Pname="" disable="false" info="">
[11:03:09.827]    <block atomic="false" info="">
[11:03:09.827]      Write32(0xE000EDF0, 0xA05F0001);                                        // Enable Core Debug via DHCSR
[11:03:09.837]        // -> [Write32(0xE000EDF0, 0xA05F0001)]   (__dp=0x00000000, __ap=0x00000000)
[11:03:09.837]      Write32(0xE0042004, DbgMCU_CR);                                         // DBGMCU_CR: Configure MCU Debug
[11:03:09.837]        // -> [Write32(0xE0042004, 0x00000007)]   (__dp=0x00000000, __ap=0x00000000)
[11:03:09.837]      Write32(0xE0042008, DbgMCU_APB1_Fz);                                    // DBGMCU_APB1_FZ: Configure APB1 Peripheral Freeze Behavior
[11:03:09.837]        // -> [Write32(0xE0042008, 0x00000000)]   (__dp=0x00000000, __ap=0x00000000)
[11:03:09.837]      Write32(0xE004200C, DbgMCU_APB2_Fz);                                    // DBGMCU_APB1_FZ: Configure APB2 Peripheral Freeze Behavior
[11:03:09.837]        // -> [Write32(0xE004200C, 0x00000000)]   (__dp=0x00000000, __ap=0x00000000)
[11:03:09.837]    </block>
[11:03:09.837]  </sequence>
[11:03:09.837]  
